<?xml version="1.0" encoding="UTF-8"?>
<testsuite name="model.DonatorTest" tests="8" skipped="0" failures="0" errors="0" timestamp="2019-03-16T09:45:17" hostname="Raluca-PC" time="0.005">
  <properties/>
  <testcase name="getAddress" classname="model.DonatorTest" time="0.0"/>
  <testcase name="getName" classname="model.DonatorTest" time="0.001"/>
  <testcase name="getID" classname="model.DonatorTest" time="0.0"/>
  <testcase name="setID" classname="model.DonatorTest" time="0.0"/>
  <testcase name="setPhone" classname="model.DonatorTest" time="0.0"/>
  <testcase name="setAddress" classname="model.DonatorTest" time="0.0"/>
  <testcase name="getPhone" classname="model.DonatorTest" time="0.001"/>
  <testcase name="setName" classname="model.DonatorTest" time="0.0"/>
  <system-out><![CDATA[]]></system-out>
  <system-err><![CDATA[]]></system-err>
</testsuite>
