<?xml version="1.0" encoding="UTF-8"?>
<testsuite name="model.CazCaritabilTest" tests="4" skipped="0" failures="0" errors="0" timestamp="2019-03-16T09:45:17" hostname="Raluca-PC" time="0.005">
  <properties/>
  <testcase name="getID" classname="model.CazCaritabilTest" time="0.0"/>
  <testcase name="setID" classname="model.CazCaritabilTest" time="0.001"/>
  <testcase name="setTotalSum" classname="model.CazCaritabilTest" time="0.001"/>
  <testcase name="getTotalSum" classname="model.CazCaritabilTest" time="0.0"/>
  <system-out><![CDATA[]]></system-out>
  <system-err><![CDATA[]]></system-err>
</testsuite>
