<?xml version="1.0" encoding="UTF-8"?>
<testsuite name="repository.DonatieRepositoryTest" tests="1" skipped="0" failures="0" errors="0" timestamp="2019-03-16T09:45:13" hostname="Raluca-PC" time="3.77">
  <properties/>
  <testcase name="save" classname="repository.DonatieRepositoryTest" time="3.77"/>
  <system-out><![CDATA[2019-03-16 11:45:14,447 Test worker DEBUG Initializing configuration XmlConfiguration[location=D:\Documente\AN2\Sem2\MPP\TemeProiect\lab1\build\resources\main\log4j2.xml]
2019-03-16 11:45:14,462 Test worker DEBUG Installed 1 script engine
2019-03-16 11:45:15,023 Test worker DEBUG Oracle Nashorn version: 10.0.2, language: ECMAScript, threading: Not Thread Safe, compile: true, names: [nashorn, Nashorn, js, JS, JavaScript, javascript, ECMAScript, ecmascript], factory class: jdk.nashorn.api.scripting.NashornScriptEngineFactory
2019-03-16 11:45:15,023 Test worker DEBUG PluginManager 'Core' found 116 plugins
2019-03-16 11:45:15,023 Test worker DEBUG PluginManager 'Level' found 0 plugins
2019-03-16 11:45:15,038 Test worker DEBUG PluginManager 'Lookup' found 13 plugins
2019-03-16 11:45:15,054 Test worker DEBUG Building Plugin[name=layout, class=org.apache.logging.log4j.core.layout.PatternLayout].
2019-03-16 11:45:15,069 Test worker TRACE TypeConverterRegistry initializing.
2019-03-16 11:45:15,069 Test worker DEBUG PluginManager 'TypeConverter' found 26 plugins
2019-03-16 11:45:15,101 Test worker DEBUG PatternLayout$Builder(pattern="%d{DATE} %-5level %class{36} %L %M - %msg%n", PatternSelector=null, Configuration(D:\Documente\AN2\Sem2\MPP\TemeProiect\lab1\build\resources\main\log4j2.xml), Replace=null, charset="null", alwaysWriteExceptions="null", disableAnsi="null", noConsoleNoAnsi="null", header="null", footer="null")
2019-03-16 11:45:15,101 Test worker DEBUG PluginManager 'Converter' found 42 plugins
2019-03-16 11:45:15,132 Test worker DEBUG Building Plugin[name=appender, class=org.apache.logging.log4j.core.appender.ConsoleAppender].
2019-03-16 11:45:15,148 Test worker DEBUG ConsoleAppender$Builder(target="SYSTEM_OUT", follow="null", direct="null", bufferedIo="null", bufferSize="null", immediateFlush="null", ignoreExceptions="null", PatternLayout(%d{DATE} %-5level %class{36} %L %M - %msg%n), name="Console", Configuration(D:\Documente\AN2\Sem2\MPP\TemeProiect\lab1\build\resources\main\log4j2.xml), Filter=null)
2019-03-16 11:45:15,148 Test worker DEBUG Starting OutputStreamManager SYSTEM_OUT.false.false
2019-03-16 11:45:15,148 Test worker DEBUG Building Plugin[name=layout, class=org.apache.logging.log4j.core.layout.PatternLayout].
2019-03-16 11:45:15,148 Test worker DEBUG PatternLayout$Builder(pattern="%d{DATE} %-5level %class{36} %L %M - %msg%n", PatternSelector=null, Configuration(D:\Documente\AN2\Sem2\MPP\TemeProiect\lab1\build\resources\main\log4j2.xml), Replace=null, charset="null", alwaysWriteExceptions="null", disableAnsi="null", noConsoleNoAnsi="null", header="null", footer="null")
2019-03-16 11:45:15,148 Test worker DEBUG Building Plugin[name=appender, class=org.apache.logging.log4j.core.appender.FileAppender].
2019-03-16 11:45:15,163 Test worker DEBUG FileAppender$Builder(fileName="target/test.log", append="true", locking="null", advertise="null", advertiseUri="null", createOnDemand="null", filePermissions="null", fileOwner="null", fileGroup="null", bufferedIo="null", bufferSize="null", immediateFlush="null", ignoreExceptions="null", PatternLayout(%d{DATE} %-5level %class{36} %L %M - %msg%n), name="log", Configuration(D:\Documente\AN2\Sem2\MPP\TemeProiect\lab1\build\resources\main\log4j2.xml), Filter=null)
2019-03-16 11:45:15,163 Test worker DEBUG Starting FileManager target/test.log
2019-03-16 11:45:15,163 Test worker DEBUG Building Plugin[name=appenders, class=org.apache.logging.log4j.core.config.AppendersPlugin].
2019-03-16 11:45:15,163 Test worker DEBUG createAppenders(={Console, log})
2019-03-16 11:45:15,163 Test worker DEBUG Building Plugin[name=AppenderRef, class=org.apache.logging.log4j.core.config.AppenderRef].
2019-03-16 11:45:15,179 Test worker DEBUG createAppenderRef(ref="log", level="null", Filter=null)
2019-03-16 11:45:15,179 Test worker DEBUG Building Plugin[name=AppenderRef, class=org.apache.logging.log4j.core.config.AppenderRef].
2019-03-16 11:45:15,179 Test worker DEBUG createAppenderRef(ref="Console", level="null", Filter=null)
2019-03-16 11:45:15,179 Test worker DEBUG Building Plugin[name=root, class=org.apache.logging.log4j.core.config.LoggerConfig$RootLogger].
2019-03-16 11:45:15,179 Test worker DEBUG createLogger(additivity="null", level="TRACE", includeLocation="null", ={log, Console}, ={}, Configuration(D:\Documente\AN2\Sem2\MPP\TemeProiect\lab1\build\resources\main\log4j2.xml), Filter=null)
2019-03-16 11:45:15,194 Test worker DEBUG Building Plugin[name=loggers, class=org.apache.logging.log4j.core.config.LoggersPlugin].
2019-03-16 11:45:15,194 Test worker DEBUG createLoggers(={root})
2019-03-16 11:45:15,194 Test worker DEBUG Configuration XmlConfiguration[location=D:\Documente\AN2\Sem2\MPP\TemeProiect\lab1\build\resources\main\log4j2.xml] initialized
2019-03-16 11:45:15,194 Test worker DEBUG Starting configuration XmlConfiguration[location=D:\Documente\AN2\Sem2\MPP\TemeProiect\lab1\build\resources\main\log4j2.xml]
2019-03-16 11:45:15,194 Test worker DEBUG Started configuration XmlConfiguration[location=D:\Documente\AN2\Sem2\MPP\TemeProiect\lab1\build\resources\main\log4j2.xml] OK.
2019-03-16 11:45:15,194 Test worker TRACE Stopping org.apache.logging.log4j.core.config.DefaultConfiguration@7fa5fb77...
2019-03-16 11:45:15,194 Test worker TRACE DefaultConfiguration notified 1 ReliabilityStrategies that config will be stopped.
2019-03-16 11:45:15,194 Test worker TRACE DefaultConfiguration stopping root LoggerConfig.
2019-03-16 11:45:15,194 Test worker TRACE DefaultConfiguration notifying ReliabilityStrategies that appenders will be stopped.
2019-03-16 11:45:15,194 Test worker TRACE DefaultConfiguration stopping remaining Appenders.
2019-03-16 11:45:15,194 Test worker DEBUG Shutting down OutputStreamManager SYSTEM_OUT.false.false-1
2019-03-16 11:45:15,210 Test worker DEBUG Shut down OutputStreamManager SYSTEM_OUT.false.false-1, all resources released: true
2019-03-16 11:45:15,210 Test worker DEBUG Appender DefaultConsole-1 stopped with status true
2019-03-16 11:45:15,210 Test worker TRACE DefaultConfiguration stopped 1 remaining Appenders.
2019-03-16 11:45:15,210 Test worker TRACE DefaultConfiguration cleaning Appenders from 1 LoggerConfigs.
2019-03-16 11:45:15,226 Test worker DEBUG Stopped org.apache.logging.log4j.core.config.DefaultConfiguration@7fa5fb77 OK
2019-03-16 11:45:15,319 Test worker TRACE Reregistering MBeans after reconfigure. Selector=org.apache.logging.log4j.core.selector.ClassLoaderContextSelector@2dc6672a
2019-03-16 11:45:15,319 Test worker TRACE Reregistering context (1/1): '5ef04b5' org.apache.logging.log4j.core.LoggerContext@50e0ba13
2019-03-16 11:45:15,335 Test worker TRACE Unregistering but no MBeans found matching 'org.apache.logging.log4j2:type=5ef04b5'
2019-03-16 11:45:15,335 Test worker TRACE Unregistering but no MBeans found matching 'org.apache.logging.log4j2:type=5ef04b5,component=StatusLogger'
2019-03-16 11:45:15,335 Test worker TRACE Unregistering but no MBeans found matching 'org.apache.logging.log4j2:type=5ef04b5,component=ContextSelector'
2019-03-16 11:45:15,335 Test worker TRACE Unregistering but no MBeans found matching 'org.apache.logging.log4j2:type=5ef04b5,component=Loggers,name=*'
2019-03-16 11:45:15,351 Test worker TRACE Unregistering but no MBeans found matching 'org.apache.logging.log4j2:type=5ef04b5,component=Appenders,name=*'
2019-03-16 11:45:15,351 Test worker TRACE Unregistering but no MBeans found matching 'org.apache.logging.log4j2:type=5ef04b5,component=AsyncAppenders,name=*'
2019-03-16 11:45:15,351 Test worker TRACE Unregistering but no MBeans found matching 'org.apache.logging.log4j2:type=5ef04b5,component=AsyncLoggerRingBuffer'
2019-03-16 11:45:15,351 Test worker TRACE Unregistering but no MBeans found matching 'org.apache.logging.log4j2:type=5ef04b5,component=Loggers,name=*,subtype=RingBuffer'
2019-03-16 11:45:15,366 Test worker DEBUG Registering MBean org.apache.logging.log4j2:type=5ef04b5
2019-03-16 11:45:15,382 Test worker DEBUG Registering MBean org.apache.logging.log4j2:type=5ef04b5,component=StatusLogger
2019-03-16 11:45:15,382 Test worker DEBUG Registering MBean org.apache.logging.log4j2:type=5ef04b5,component=ContextSelector
2019-03-16 11:45:15,382 Test worker DEBUG Registering MBean org.apache.logging.log4j2:type=5ef04b5,component=Loggers,name=
2019-03-16 11:45:15,382 Test worker DEBUG Registering MBean org.apache.logging.log4j2:type=5ef04b5,component=Appenders,name=Console
2019-03-16 11:45:15,398 Test worker DEBUG Registering MBean org.apache.logging.log4j2:type=5ef04b5,component=Appenders,name=log
2019-03-16 11:45:15,398 Test worker TRACE Using default SystemClock for timestamps.
2019-03-16 11:45:15,398 Test worker TRACE Using DummyNanoClock for nanosecond timestamps.
2019-03-16 11:45:15,398 Test worker DEBUG Reconfiguration complete for context[name=5ef04b5] at URI D:\Documente\AN2\Sem2\MPP\TemeProiect\lab1\build\resources\main\log4j2.xml (org.apache.logging.log4j.core.LoggerContext@50e0ba13) with optional ClassLoader: null
2019-03-16 11:45:15,398 Test worker DEBUG Shutdown hook enabled. Registering a new one.
2019-03-16 11:45:15,429 Test worker DEBUG LoggerContext[name=5ef04b5, org.apache.logging.log4j.core.LoggerContext@50e0ba13] started OK.
16 mar. 2019 11:45:15,444 INFO  repository.DonatieRepository 21 <init> - Initializing DonatieRepository with properties: {tasks.jdbc.driver=org.sqlite.JDBC, tasks.jdbc.url=jdbc:sqlite:D:/Documente/AN2/Sem2/MPP/TemeProiect/Teledon.db} 
16 mar. 2019 11:45:15,507 TRACE repository.DonatieRepository 27 save - Enter Saving entity Donatie{IDCazCaritabil=CazCaritabil{ID='5', totalSum=200.5}, Donator=Donator{ID='4', name='vasile', address='bistrita', phone='0987654321'}, sumaDonata=20.0} 
16 mar. 2019 11:45:15,522 TRACE repository.JdbcUtils 56 getConnection - Enter
16 mar. 2019 11:45:15,522 TRACE repository.JdbcUtils 23 getNewConnection - Enter
16 mar. 2019 11:45:15,522 INFO  repository.JdbcUtils 30 getNewConnection - trying to connect to database ... jdbc:sqlite:D:/Documente/AN2/Sem2/MPP/TemeProiect/Teledon.db
16 mar. 2019 11:45:15,522 INFO  repository.JdbcUtils 31 getNewConnection - user: null
16 mar. 2019 11:45:15,522 INFO  repository.JdbcUtils 32 getNewConnection - pass: null
16 mar. 2019 11:45:15,569 INFO  repository.JdbcUtils 38 getNewConnection - Loaded driver ...org.sqlite.JDBC
org.sqlite.SQLiteConnection@3d7beb3e
16 mar. 2019 11:45:16,066 TRACE repository.JdbcUtils 67 getConnection - Exit with(org.sqlite.SQLiteConnection@3d7beb3e)
16 mar. 2019 11:45:17,616 TRACE repository.DonatieRepository 41 save - Exit
16 mar. 2019 11:45:17,616 TRACE repository.JdbcUtils 56 getConnection - Enter
16 mar. 2019 11:45:17,617 TRACE repository.JdbcUtils 23 getNewConnection - Enter
16 mar. 2019 11:45:17,618 INFO  repository.JdbcUtils 30 getNewConnection - trying to connect to database ... jdbc:sqlite:D:/Documente/AN2/Sem2/MPP/TemeProiect/Teledon.db
16 mar. 2019 11:45:17,619 INFO  repository.JdbcUtils 31 getNewConnection - user: null
16 mar. 2019 11:45:17,619 INFO  repository.JdbcUtils 32 getNewConnection - pass: null
16 mar. 2019 11:45:17,620 INFO  repository.JdbcUtils 38 getNewConnection - Loaded driver ...org.sqlite.JDBC
org.sqlite.SQLiteConnection@843b0a9
16 mar. 2019 11:45:17,627 TRACE repository.JdbcUtils 67 getConnection - Exit with(org.sqlite.SQLiteConnection@843b0a9)
]]></system-out>
  <system-err><![CDATA[]]></system-err>
</testsuite>
