<?xml version="1.0" encoding="UTF-8"?>
<testsuite name="repository.CazCaritabilRepositoryTest" tests="2" skipped="0" failures="0" errors="0" timestamp="2019-03-16T09:45:17" hostname="Raluca-PC" time="1.928">
  <properties/>
  <testcase name="findAll" classname="repository.CazCaritabilRepositoryTest" time="0.052"/>
  <testcase name="save" classname="repository.CazCaritabilRepositoryTest" time="1.875"/>
  <system-out><![CDATA[16 mar. 2019 11:45:17,661 INFO  repository.CazCaritabilRepository 18 <init> - Initializing CazCaritabilRepository with properties: {tasks.jdbc.driver=org.sqlite.JDBC, tasks.jdbc.url=jdbc:sqlite:D:/Documente/AN2/Sem2/MPP/TemeProiect/Teledon.db} 
16 mar. 2019 11:45:17,677 TRACE repository.CazCaritabilRepository 24 findAll - Enter
16 mar. 2019 11:45:17,677 TRACE repository.JdbcUtils 56 getConnection - Enter
16 mar. 2019 11:45:17,677 TRACE repository.JdbcUtils 23 getNewConnection - Enter
16 mar. 2019 11:45:17,677 INFO  repository.JdbcUtils 30 getNewConnection - trying to connect to database ... jdbc:sqlite:D:/Documente/AN2/Sem2/MPP/TemeProiect/Teledon.db
16 mar. 2019 11:45:17,677 INFO  repository.JdbcUtils 31 getNewConnection - user: null
16 mar. 2019 11:45:17,677 INFO  repository.JdbcUtils 32 getNewConnection - pass: null
16 mar. 2019 11:45:17,677 INFO  repository.JdbcUtils 38 getNewConnection - Loaded driver ...org.sqlite.JDBC
org.sqlite.SQLiteConnection@38a1b2ed
16 mar. 2019 11:45:17,677 TRACE repository.JdbcUtils 67 getConnection - Exit with(org.sqlite.SQLiteConnection@38a1b2ed)
16 mar. 2019 11:45:17,677 TRACE repository.CazCaritabilRepository 42 findAll - Exit with([CazCaritabil{ID='1', totalSum=1000.0}, CazCaritabil{ID='2', totalSum=94.0}, CazCaritabil{ID='3', totalSum=29993.0}])
16 mar. 2019 11:45:17,677 TRACE repository.JdbcUtils 56 getConnection - Enter
16 mar. 2019 11:45:17,693 TRACE repository.JdbcUtils 23 getNewConnection - Enter
16 mar. 2019 11:45:17,693 INFO  repository.JdbcUtils 30 getNewConnection - trying to connect to database ... jdbc:sqlite:D:/Documente/AN2/Sem2/MPP/TemeProiect/Teledon.db
16 mar. 2019 11:45:17,693 INFO  repository.JdbcUtils 31 getNewConnection - user: null
16 mar. 2019 11:45:17,693 INFO  repository.JdbcUtils 32 getNewConnection - pass: null
16 mar. 2019 11:45:17,693 INFO  repository.JdbcUtils 38 getNewConnection - Loaded driver ...org.sqlite.JDBC
org.sqlite.SQLiteConnection@6f732272
16 mar. 2019 11:45:17,693 TRACE repository.JdbcUtils 67 getConnection - Exit with(org.sqlite.SQLiteConnection@6f732272)
16 mar. 2019 11:45:17,724 INFO  repository.CazCaritabilRepository 18 <init> - Initializing CazCaritabilRepository with properties: {tasks.jdbc.driver=org.sqlite.JDBC, tasks.jdbc.url=jdbc:sqlite:D:/Documente/AN2/Sem2/MPP/TemeProiect/Teledon.db} 
16 mar. 2019 11:45:17,724 TRACE repository.CazCaritabilRepository 48 save - Enter Saving entity CazCaritabil{ID='4', totalSum=665.55} 
16 mar. 2019 11:45:17,724 TRACE repository.JdbcUtils 56 getConnection - Enter
16 mar. 2019 11:45:17,724 TRACE repository.JdbcUtils 23 getNewConnection - Enter
16 mar. 2019 11:45:17,724 INFO  repository.JdbcUtils 30 getNewConnection - trying to connect to database ... jdbc:sqlite:D:/Documente/AN2/Sem2/MPP/TemeProiect/Teledon.db
16 mar. 2019 11:45:17,739 INFO  repository.JdbcUtils 31 getNewConnection - user: null
16 mar. 2019 11:45:17,755 INFO  repository.JdbcUtils 32 getNewConnection - pass: null
16 mar. 2019 11:45:17,755 INFO  repository.JdbcUtils 38 getNewConnection - Loaded driver ...org.sqlite.JDBC
org.sqlite.SQLiteConnection@13daeaf0
16 mar. 2019 11:45:17,755 TRACE repository.JdbcUtils 67 getConnection - Exit with(org.sqlite.SQLiteConnection@13daeaf0)
16 mar. 2019 11:45:18,740 TRACE repository.CazCaritabilRepository 61 save - Exit
16 mar. 2019 11:45:18,740 TRACE repository.JdbcUtils 56 getConnection - Enter
16 mar. 2019 11:45:18,740 TRACE repository.JdbcUtils 23 getNewConnection - Enter
16 mar. 2019 11:45:18,740 INFO  repository.JdbcUtils 30 getNewConnection - trying to connect to database ... jdbc:sqlite:D:/Documente/AN2/Sem2/MPP/TemeProiect/Teledon.db
16 mar. 2019 11:45:18,740 INFO  repository.JdbcUtils 31 getNewConnection - user: null
16 mar. 2019 11:45:18,740 INFO  repository.JdbcUtils 32 getNewConnection - pass: null
16 mar. 2019 11:45:18,740 INFO  repository.JdbcUtils 38 getNewConnection - Loaded driver ...org.sqlite.JDBC
org.sqlite.SQLiteConnection@265914bc
16 mar. 2019 11:45:18,740 TRACE repository.JdbcUtils 67 getConnection - Exit with(org.sqlite.SQLiteConnection@265914bc)
]]></system-out>
  <system-err><![CDATA[]]></system-err>
</testsuite>
